<?xml version="1.0" encoding="UTF-8"?>
<testng-results ignored="0" total="1" passed="1" failed="0" skipped="0">
  <reporter-output>
  </reporter-output>
  <suite started-at="2022-08-01T08:28:42 IST" name="Default suite" finished-at="2022-08-01T08:29:01 IST" duration-ms="18933">
    <groups>
    </groups>
    <test started-at="2022-08-01T08:28:42 IST" name="Default test" finished-at="2022-08-01T08:29:01 IST" duration-ms="18933">
      <class name="synchronization.Test1">
        <test-method signature="demo()[pri:0, instance:synchronization.Test1@4ef37659]" started-at="2022-08-01T08:28:42 IST" name="demo" finished-at="2022-08-01T08:29:01 IST" duration-ms="18863" status="PASS">
          <reporter-output>
          </reporter-output>
        </test-method> <!-- demo -->
      </class> <!-- synchronization.Test1 -->
    </test> <!-- Default test -->
  </suite> <!-- Default suite -->
</testng-results>
