<?xml version="1.0" encoding="UTF-8"?>
<testng-results ignored="0" total="1" passed="1" failed="0" skipped="0">
  <reporter-output>
  </reporter-output>
  <suite started-at="2022-08-04T08:55:52 IST" name="Default suite" finished-at="2022-08-04T08:56:07 IST" duration-ms="15703">
    <groups>
    </groups>
    <test started-at="2022-08-04T08:55:52 IST" name="Default test" finished-at="2022-08-04T08:56:07 IST" duration-ms="15703">
      <class name="actions.Senario0">
        <test-method signature="sc0()[pri:0, instance:actions.Senario0@4ef37659]" started-at="2022-08-04T08:55:52 IST" name="sc0" finished-at="2022-08-04T08:56:07 IST" duration-ms="15620" status="PASS">
          <reporter-output>
          </reporter-output>
        </test-method> <!-- sc0 -->
      </class> <!-- actions.Senario0 -->
    </test> <!-- Default test -->
  </suite> <!-- Default suite -->
</testng-results>
